<?xml version="1.0" encoding="UTF-8"?>
<!-- Generated by org.testng.reporters.JUnitReportReporter -->
<testsuite hostname="Kirankumars-MacBook-Pro.local" failures="0" tests="1" name="Gochida_Dashboard.Login" time="0.451" errors="0" timestamp="2023-07-12T17:02:42 IST" skipped="0">
  <testcase classname="Gochida_Dashboard.Login" name="testfun" time="0.451"/>
</testsuite> <!-- Gochida_Dashboard.Login -->
