<?xml version="1.0" encoding="UTF-8"?>
<!-- Generated by org.testng.reporters.JUnitReportReporter -->
<testsuite hostname="Kirankumars-MacBook-Pro.local" failures="0" tests="1" name="Gochida_Dashboard.Login" time="0.120" errors="0" timestamp="2023-07-16T17:50:34 IST" skipped="0">
  <testcase classname="Gochida_Dashboard.Login" name="testrun" time="0.120"/>
</testsuite> <!-- Gochida_Dashboard.Login -->
